<?xml version="1.0" encoding="UTF-8" standalone="no"?><testsuites><testsuite errors="0" failures="2" hostname="1700618740dfe397_Motorola_Xoom" name="net.fiive.hiraganaTranslator.test" tests="3" time="3.2410" timestamp="Sun Jun 17 05:37:13 BRT 2012"><properties>
[...]
</properties><testcase classname="net.fiive.hiraganaTranslator.test.MainActivitySystemTest" name="testTranslate" time="3.0240"><failure message="" type="junit.framework.ComparisonFailure">junit.framework.ComparisonFailure: expected:&lt;か&gt; but was:&lt;?&gt;&#13;
at net.fiive.hiraganaTranslator.test.MainActivitySystemTest.testTranslate(MainActivitySystemTest.java:26)&#13;
at java.lang.reflect.Method.invokeNative(Native Method)&#13;
at android.test.InstrumentationTestCase.runMethod(InstrumentationTestCase.java:214)&#13;
at android.test.InstrumentationTestCase.runTest(InstrumentationTestCase.java:199)&#13;
at android.test.ActivityInstrumentationTestCase2.runTest(ActivityInstrumentationTestCase2.java:192)&#13;
at android.test.AndroidTestRunner.runTest(AndroidTestRunner.java:169)&#13;
at android.test.AndroidTestRunner.runTest(AndroidTestRunner.java:154)&#13;
at android.test.InstrumentationTestRunner.onStart(InstrumentationTestRunner.java:545)&#13;
at android.app.Instrumentation$InstrumentationThread.run(Instrumentation.java:1551)&#13;
</failure></testcase><testcase classname="net.fiive.hiraganaTranslator.test.MainActivityTest" name="testInvalidHiragana" time="0.1030"/><testcase classname="net.fiive.hiraganaTranslator.test.MainActivityTest" name="testValidHiragana" time="0.1060"><failure message="" type="junit.framework.ComparisonFailure">junit.framework.ComparisonFailure: expected:&lt;か&gt; but was:&lt;?&gt;&#13;
at net.fiive.hiraganaTranslator.test.MainActivityTest.testValidHiragana(MainActivityTest.java:31)&#13;
at java.lang.reflect.Method.invokeNative(Native Method)&#13;
at android.test.InstrumentationTestCase.runMethod(InstrumentationTestCase.java:214)&#13;
at android.test.InstrumentationTestCase.runTest(InstrumentationTestCase.java:199)&#13;
at android.test.AndroidTestRunner.runTest(AndroidTestRunner.java:169)&#13;
at android.test.AndroidTestRunner.runTest(AndroidTestRunner.java:154)&#13;
at android.test.InstrumentationTestRunner.onStart(InstrumentationTestRunner.java:545)&#13;
at android.app.Instrumentation$InstrumentationThread.run(Instrumentation.java:1551)&#13;
</failure></testcase></testsuite></testsuites>