<?xml version="1.0" encoding="UTF-8"?>
<!-- Generated by org.testng.reporters.JUnitXMLReporter -->
<testsuite hostname="GlaDOS.local" name="Command line test" tests="8" failures="0" timestamp="17 Jun 2012 08:36:19 GMT" time="0.073" errors="0">
  <testcase name="testHiraganaNotFound" time="0.011" classname="net.fiive.HiraganaTranslatorTest">
    <skipped/>
  </testcase>
  <testcase name="testTranslateNull" time="0.023" classname="net.fiive.HiraganaTranslatorTest"/>
  <testcase name="translateValid" time="0.0050" classname="net.fiive.HiraganaTranslatorTest"/>
  <testcase name="translateValid" time="0.0010" classname="net.fiive.HiraganaTranslatorTest"/>
  <testcase name="translateValid" time="0.0" classname="net.fiive.HiraganaTranslatorTest"/>
  <testcase name="translateValid" time="0.0" classname="net.fiive.HiraganaTranslatorTest"/>
  <testcase name="translateValid" time="0.0010" classname="net.fiive.HiraganaTranslatorTest"/>
  <testcase name="translateValid" time="0.0" classname="net.fiive.HiraganaTranslatorTest"/>
</testsuite>
